<?xml version="1.0" encoding="UTF-8"?>
<testsuite name="Cucumber" time="38.462" tests="2" skipped="0" failures="0" errors="0">
<testcase classname="amazon" name="01 Add product to cart" time="16.894">
<system-out><![CDATA[
Given Be on the amazon page.................................................passed
Given Look for either 'When: The Scientific Secrets of Perfect Timing', 'Nick Page'.passed
And Filter products found by Books..........................................passed
When Open a book page.......................................................passed
And Add 2 item to cart......................................................passed
Then the cart subtotal must be less than 100 dollars........................passed
]]></system-out>
</testcase>
<testcase classname="amazon" name="02 Search for a book" time="7.925">
<system-out><![CDATA[
Given Be on the amazon page.................................................passed
Given Look for either 'Jorge Amado', 'Nick Page'............................passed
And Filter products found by Books..........................................passed
When Open a book page.......................................................passed
Then Confirm at least 70% of people liked the book with 5 stars.............passed
]]></system-out>
</testcase>
</testsuite>
